<?xml version="1.0" encoding="UTF-8"?>
<!-- Generated by org.testng.reporters.JUnitXMLReporter -->
<testsuite hostname="DESKTOP-OG4VMRE" ignored="1" name="Default test" tests="1" failures="0" timestamp="31 Dec 2017 11:15:08 GMT" time="77.898" errors="0">
  <testcase name="totalsearchCategory" time="76.704" classname="test.TestRun"/>
  <testcase name="testVerifySignUp" time="0.0" classname="test.TestRun">
    <ignored/>
  </testcase> <!-- testVerifySignUp -->
</testsuite> <!-- Default test -->
