<?xml version="1.0" encoding="UTF-8"?>
<testng-results skipped="0" failed="0" ignored="1" total="2" passed="1">
  <reporter-output>
  </reporter-output>
  <suite name="Default suite" duration-ms="77898" started-at="2017-12-31T11:13:50Z" finished-at="2017-12-31T11:15:08Z">
    <groups>
    </groups>
    <test name="Default test" duration-ms="77898" started-at="2017-12-31T11:13:50Z" finished-at="2017-12-31T11:15:08Z">
      <class name="test.TestRun">
        <test-method status="PASS" signature="reporter()[pri:0, instance:test.TestRun@66a3ffec]" name="reporter" is-config="true" duration-ms="287" started-at="2017-12-31T16:43:50Z" finished-at="2017-12-31T16:43:50Z">
          <reporter-output>
          </reporter-output>
        </test-method> <!-- reporter -->
        <test-method status="PASS" signature="totalsearchCategory(java.lang.String)[pri:0, instance:test.TestRun@66a3ffec]" name="totalsearchCategory" duration-ms="76704" started-at="2017-12-31T16:43:50Z" data-provider="local" finished-at="2017-12-31T16:45:07Z">
          <params>
            <param index="0">
              <value>
                <![CDATA[chrome]]>
              </value>
            </param>
          </params>
          <reporter-output>
          </reporter-output>
        </test-method> <!-- totalsearchCategory -->
        <test-method status="PASS" signature="tearDown(org.testng.ITestResult)[pri:0, instance:test.TestRun@66a3ffec]" name="tearDown" is-config="true" duration-ms="1150" started-at="2017-12-31T16:45:07Z" finished-at="2017-12-31T16:45:08Z">
          <params>
            <param index="0">
              <value>
                <![CDATA[[TestResult name=totalsearchCategory status=SUCCESS method=TestRun.totalsearchCategory(java.lang.String)[pri:0, instance:test.TestRun@66a3ffec] output={null}]]]>
              </value>
            </param>
          </params>
          <reporter-output>
          </reporter-output>
        </test-method> <!-- tearDown -->
        <test-method status="PASS" signature="tearDown()[pri:0, instance:test.TestRun@66a3ffec]" name="tearDown" is-config="true" duration-ms="490" started-at="2017-12-31T16:45:08Z" finished-at="2017-12-31T16:45:08Z">
          <reporter-output>
          </reporter-output>
        </test-method> <!-- tearDown -->
      </class> <!-- test.TestRun -->
    </test> <!-- Default test -->
  </suite> <!-- Default suite -->
</testng-results>
